<?xml version="1.0" encoding="UTF-8"?>
<!-- Generated by org.testng.reporters.JUnitReportReporter -->
<testsuite hostname="DESKTOP-6E8R8I6" failures="0" tests="1" name="com.GH_GitLab.CreateJobTest" time="15.726" errors="0" timestamp="07 Jul 2021 01:55:08 GMT" skipped="0">
  <testcase classname="com.GH_GitLab.CreateJobTest" name="jobTest" time="15.726"/>
</testsuite> <!-- com.GH_GitLab.CreateJobTest -->
